Base path: 'C:/Program Files/Unity/Hub/Editor/2019.3.4f1/Editor/Data', plugins path 'C:/Program Files/Unity/Hub/Editor/2019.3.4f1/Editor/Data/PlaybackEngines'
Cmd: initializeCompiler
Cmd: preprocess
  insize=36671 outsize=1830 ok=1
Cmd: preprocess
  insize=811 outsize=209 ok=1
Cmd: preprocess
  insize=811 outsize=209 ok=1
Cmd: preprocess
  insize=811 outsize=209 ok=1
Cmd: preprocess
  insize=811 outsize=209 ok=1
Cmd: preprocess
  insize=811 outsize=209 ok=1
Cmd: preprocess
  insize=811 outsize=209 ok=1
Cmd: preprocess
  insize=811 outsize=209 ok=1
Cmd: preprocess
  insize=811 outsize=209 ok=1
Cmd: preprocess
  insize=3870 outsize=504 ok=1
Cmd: preprocess
  insize=37594 outsize=1815 ok=1
Cmd: preprocess
  insize=5804 outsize=501 ok=1
Cmd: preprocess
  insize=3546 outsize=495 ok=1
Cmd: preprocess
  insize=27795 outsize=1816 ok=1
Cmd: preprocess
  insize=811 outsize=209 ok=1
Cmd: preprocess
  insize=811 outsize=209 ok=1
Cmd: preprocess
  insize=811 outsize=209 ok=1
Cmd: preprocess
  insize=811 outsize=209 ok=1
Cmd: preprocess
  insize=811 outsize=209 ok=1
Cmd: preprocess
  insize=811 outsize=209 ok=1
Cmd: preprocess
  insize=811 outsize=209 ok=1
Cmd: preprocess
  insize=811 outsize=209 ok=1
Cmd: preprocess
  insize=3870 outsize=504 ok=1
Cmd: preprocess
  insize=27795 outsize=1816 ok=1
Cmd: preprocess
  insize=5804 outsize=501 ok=1
Cmd: preprocess
  insize=3546 outsize=495 ok=1
Cmd: preprocess
  insize=811 outsize=209 ok=1
Cmd: preprocess
  insize=811 outsize=209 ok=1
Cmd: preprocess
  insize=811 outsize=209 ok=1
Cmd: preprocess
  insize=811 outsize=209 ok=1
Cmd: preprocess
  insize=811 outsize=209 ok=1
Cmd: preprocess
  insize=811 outsize=209 ok=1
Cmd: preprocess
  insize=811 outsize=209 ok=1
Cmd: preprocess
  insize=811 outsize=209 ok=1
Cmd: preprocess
  insize=3870 outsize=504 ok=1
Cmd: preprocess
  insize=27795 outsize=1816 ok=1
Cmd: preprocess
  insize=5804 outsize=501 ok=1
Cmd: preprocess
  insize=3546 outsize=495 ok=1
Cmd: preprocess
  insize=811 outsize=209 ok=1
Cmd: preprocess
  insize=811 outsize=209 ok=1
Cmd: preprocess
  insize=811 outsize=209 ok=1
Cmd: preprocess
  insize=811 outsize=209 ok=1
Cmd: preprocess
  insize=811 outsize=209 ok=1
Cmd: preprocess
  insize=811 outsize=209 ok=1
Cmd: preprocess
  insize=811 outsize=209 ok=1
Cmd: preprocess
  insize=811 outsize=209 ok=1
Cmd: preprocess
  insize=3870 outsize=504 ok=1
Cmd: preprocess
  insize=37594 outsize=1815 ok=1
Cmd: preprocess
  insize=5804 outsize=501 ok=1
Cmd: preprocess
  insize=3546 outsize=495 ok=1
Cmd: preprocess
  insize=811 outsize=209 ok=1
Cmd: preprocess
  insize=6086 outsize=498 ok=1
Cmd: preprocess
  insize=6086 outsize=498 ok=1
Cmd: preprocess
  insize=811 outsize=209 ok=1
Cmd: preprocess
  insize=811 outsize=209 ok=1
Cmd: preprocess
  insize=811 outsize=209 ok=1
Cmd: preprocess
  insize=811 outsize=209 ok=1
Cmd: preprocess
  insize=811 outsize=209 ok=1
Cmd: preprocess
  insize=811 outsize=209 ok=1
Cmd: preprocess
  insize=811 outsize=209 ok=1
Cmd: preprocess
  insize=811 outsize=209 ok=1
Cmd: preprocess
  insize=811 outsize=209 ok=1
Cmd: preprocess
  insize=3546 outsize=495 ok=1
Cmd: preprocess
  insize=5804 outsize=501 ok=1
Cmd: preprocess
  insize=37594 outsize=1815 ok=1
Cmd: preprocess
  insize=3870 outsize=504 ok=1
Cmd: preprocess
  insize=6086 outsize=498 ok=1
Cmd: preprocess
  insize=27795 outsize=1816 ok=1
Cmd: preprocess
  insize=6086 outsize=498 ok=1
Cmd: preprocess
  insize=6606 outsize=498 ok=1
Cmd: preprocess
  insize=39753 outsize=1814 ok=1
Cmd: preprocess
  insize=27795 outsize=1816 ok=1
Cmd: preprocess
  insize=3546 outsize=495 ok=1
Cmd: preprocess
  insize=5804 outsize=501 ok=1
Cmd: preprocess
  insize=6606 outsize=498 ok=1
Cmd: preprocess
  insize=3521 outsize=495 ok=1
Cmd: preprocess
  insize=5779 outsize=501 ok=1
Cmd: preprocess
  insize=6581 outsize=498 ok=1
Cmd: preprocess
  insize=4132 outsize=497 ok=1
Cmd: preprocess
  insize=5379 outsize=501 ok=1
Cmd: preprocess
  insize=5392 outsize=501 ok=1
Cmd: preprocess
  insize=5799 outsize=496 ok=1
Cmd: preprocess
  insize=6606 outsize=498 ok=1
Cmd: preprocess
  insize=811 outsize=209 ok=1
Cmd: preprocess
  insize=811 outsize=209 ok=1
Cmd: preprocess
  insize=811 outsize=209 ok=1
Cmd: preprocess
  insize=811 outsize=209 ok=1
Cmd: preprocess
  insize=811 outsize=209 ok=1
Cmd: preprocess
  insize=811 outsize=209 ok=1
Cmd: preprocess
  insize=811 outsize=209 ok=1
Cmd: preprocess
  insize=811 outsize=209 ok=1
Cmd: preprocess
  insize=811 outsize=209 ok=1
Cmd: preprocess
  insize=4132 outsize=497 ok=1
Cmd: preprocess
  insize=3870 outsize=504 ok=1
Cmd: preprocess
  insize=27795 outsize=1816 ok=1
Cmd: preprocess
  insize=5392 outsize=501 ok=1
Cmd: preprocess
  insize=5799 outsize=496 ok=1
Cmd: preprocess
  insize=811 outsize=209 ok=1
Cmd: preprocess
  insize=811 outsize=209 ok=1
Cmd: preprocess
  insize=811 outsize=209 ok=1
Cmd: preprocess
  insize=811 outsize=209 ok=1
Cmd: preprocess
  insize=811 outsize=209 ok=1
Cmd: preprocess
  insize=811 outsize=209 ok=1
Cmd: preprocess
  insize=811 outsize=209 ok=1
Cmd: preprocess
  insize=811 outsize=209 ok=1
Cmd: preprocess
  insize=811 outsize=209 ok=1
Cmd: preprocess
  insize=4132 outsize=497 ok=1
Cmd: preprocess
  insize=3870 outsize=504 ok=1
Cmd: preprocess
  insize=27795 outsize=1816 ok=1
Cmd: preprocess
  insize=5392 outsize=501 ok=1
Cmd: preprocess
  insize=5799 outsize=496 ok=1
Cmd: preprocess
  insize=811 outsize=209 ok=1
Cmd: preprocess
  insize=811 outsize=209 ok=1
Cmd: preprocess
  insize=811 outsize=209 ok=1
Cmd: preprocess
  insize=811 outsize=209 ok=1
Cmd: preprocess
  insize=811 outsize=209 ok=1
Cmd: preprocess
  insize=811 outsize=209 ok=1
Cmd: preprocess
  insize=811 outsize=209 ok=1
Cmd: preprocess
  insize=811 outsize=209 ok=1
Cmd: preprocess
  insize=811 outsize=209 ok=1
Cmd: preprocess
  insize=4132 outsize=497 ok=1
Cmd: preprocess
  insize=3870 outsize=504 ok=1
Cmd: preprocess
  insize=27795 outsize=1816 ok=1
Cmd: preprocess
  insize=5392 outsize=501 ok=1
Cmd: preprocess
  insize=5799 outsize=496 ok=1
Cmd: preprocess
  insize=811 outsize=209 ok=1
Cmd: preprocess
  insize=811 outsize=209 ok=1
Cmd: preprocess
  insize=811 outsize=209 ok=1
Cmd: preprocess
  insize=811 outsize=209 ok=1
Cmd: preprocess
  insize=811 outsize=209 ok=1
Cmd: preprocess
  insize=811 outsize=209 ok=1
Cmd: preprocess
  insize=811 outsize=209 ok=1
Cmd: preprocess
  insize=811 outsize=209 ok=1
Cmd: preprocess
  insize=811 outsize=209 ok=1
Cmd: preprocess
  insize=4132 outsize=497 ok=1
Cmd: preprocess
  insize=3870 outsize=504 ok=1
Cmd: preprocess
  insize=27795 outsize=1816 ok=1
Cmd: preprocess
  insize=5392 outsize=501 ok=1
Cmd: preprocess
  insize=5799 outsize=496 ok=1
Cmd: preprocess
  insize=811 outsize=209 ok=1
Cmd: preprocess
  insize=811 outsize=209 ok=1
Cmd: preprocess
  insize=811 outsize=209 ok=1
Cmd: preprocess
  insize=811 outsize=209 ok=1
Cmd: preprocess
  insize=811 outsize=209 ok=1
Cmd: preprocess
  insize=811 outsize=209 ok=1
Cmd: preprocess
  insize=811 outsize=209 ok=1
Cmd: preprocess
  insize=811 outsize=209 ok=1
Cmd: preprocess
  insize=811 outsize=209 ok=1
Cmd: preprocess
  insize=4132 outsize=497 ok=1
Cmd: preprocess
  insize=3870 outsize=504 ok=1
Cmd: preprocess
  insize=27795 outsize=1816 ok=1
Cmd: preprocess
  insize=5392 outsize=501 ok=1
Cmd: preprocess
  insize=3521 outsize=495 ok=1
Cmd: preprocess
  insize=811 outsize=209 ok=1
Cmd: preprocess
  insize=811 outsize=209 ok=1
Cmd: preprocess
  insize=811 outsize=209 ok=1
Cmd: preprocess
  insize=811 outsize=209 ok=1
Cmd: preprocess
  insize=811 outsize=209 ok=1
Cmd: preprocess
  insize=811 outsize=209 ok=1
Cmd: preprocess
  insize=811 outsize=209 ok=1
Cmd: preprocess
  insize=811 outsize=209 ok=1
Cmd: preprocess
  insize=811 outsize=209 ok=1
Cmd: preprocess
  insize=4132 outsize=497 ok=1
Cmd: preprocess
  insize=3870 outsize=504 ok=1
Cmd: preprocess
  insize=27795 outsize=1816 ok=1
Cmd: preprocess
  insize=5392 outsize=501 ok=1
Cmd: preprocess
  insize=3521 outsize=495 ok=1
Cmd: preprocess
  insize=811 outsize=209 ok=1
Cmd: preprocess
  insize=811 outsize=209 ok=1
Cmd: preprocess
  insize=811 outsize=209 ok=1
Cmd: preprocess
  insize=811 outsize=209 ok=1
Cmd: preprocess
  insize=811 outsize=209 ok=1
Cmd: preprocess
  insize=811 outsize=209 ok=1
Cmd: preprocess
  insize=811 outsize=209 ok=1
Cmd: preprocess
  insize=811 outsize=209 ok=1
Cmd: preprocess
  insize=811 outsize=209 ok=1
Cmd: preprocess
  insize=4132 outsize=497 ok=1
Cmd: preprocess
  insize=3870 outsize=504 ok=1
Cmd: preprocess
  insize=27795 outsize=1816 ok=1
Cmd: preprocess
  insize=5392 outsize=501 ok=1
Cmd: preprocess
  insize=3521 outsize=495 ok=1
Cmd: preprocess
  insize=811 outsize=209 ok=1
Cmd: preprocess
  insize=811 outsize=209 ok=1
Cmd: preprocess
  insize=811 outsize=209 ok=1
Cmd: preprocess
  insize=811 outsize=209 ok=1
Cmd: preprocess
  insize=811 outsize=209 ok=1
Cmd: preprocess
  insize=811 outsize=209 ok=1
Cmd: preprocess
  insize=811 outsize=209 ok=1
Cmd: preprocess
  insize=811 outsize=209 ok=1
Cmd: preprocess
  insize=811 outsize=209 ok=1
Cmd: preprocess
  insize=4132 outsize=497 ok=1
Cmd: preprocess
  insize=3870 outsize=504 ok=1
Cmd: preprocess
  insize=27795 outsize=1816 ok=1
Cmd: preprocess
  insize=5392 outsize=501 ok=1
Cmd: preprocess
  insize=3521 outsize=495 ok=1
Cmd: preprocess
  insize=811 outsize=209 ok=1
Cmd: preprocess
  insize=811 outsize=209 ok=1
Cmd: preprocess
  insize=811 outsize=209 ok=1
Cmd: preprocess
  insize=811 outsize=209 ok=1
Cmd: preprocess
  insize=811 outsize=209 ok=1
Cmd: preprocess
  insize=811 outsize=209 ok=1
Cmd: preprocess
  insize=811 outsize=209 ok=1
Cmd: preprocess
  insize=811 outsize=209 ok=1
Cmd: preprocess
  insize=811 outsize=209 ok=1
Cmd: preprocess
  insize=4132 outsize=497 ok=1
Cmd: preprocess
  insize=3870 outsize=504 ok=1
Cmd: preprocess
  insize=27795 outsize=1816 ok=1
Cmd: preprocess
  insize=5392 outsize=501 ok=1
Cmd: preprocess
  insize=3521 outsize=495 ok=1
Cmd: preprocess
  insize=811 outsize=209 ok=1
Cmd: preprocess
  insize=811 outsize=209 ok=1
Cmd: preprocess
  insize=811 outsize=209 ok=1
Cmd: preprocess
  insize=811 outsize=209 ok=1
Cmd: preprocess
  insize=811 outsize=209 ok=1
Cmd: preprocess
  insize=811 outsize=209 ok=1
Cmd: preprocess
  insize=811 outsize=209 ok=1
Cmd: preprocess
  insize=811 outsize=209 ok=1
Cmd: preprocess
  insize=811 outsize=209 ok=1
Cmd: preprocess
  insize=4132 outsize=497 ok=1
Cmd: preprocess
  insize=3870 outsize=504 ok=1
Cmd: preprocess
  insize=27795 outsize=1816 ok=1
Cmd: preprocess
  insize=5392 outsize=501 ok=1
Cmd: preprocess
  insize=3521 outsize=495 ok=1
Cmd: preprocess
  insize=811 outsize=209 ok=1
Cmd: preprocess
  insize=811 outsize=209 ok=1
Cmd: preprocess
  insize=811 outsize=209 ok=1
Cmd: preprocess
  insize=811 outsize=209 ok=1
Cmd: preprocess
  insize=811 outsize=209 ok=1
Cmd: preprocess
  insize=811 outsize=209 ok=1
Cmd: preprocess
  insize=811 outsize=209 ok=1
Cmd: preprocess
  insize=811 outsize=209 ok=1
Cmd: preprocess
  insize=811 outsize=209 ok=1
Cmd: preprocess
  insize=4132 outsize=497 ok=1
Cmd: preprocess
  insize=3870 outsize=504 ok=1
Cmd: preprocess
  insize=27795 outsize=1816 ok=1
Cmd: preprocess
  insize=5379 outsize=501 ok=1
Cmd: preprocess
  insize=3521 outsize=495 ok=1
Cmd: preprocess
  insize=811 outsize=209 ok=1
Cmd: preprocess
  insize=811 outsize=209 ok=1
Cmd: preprocess
  insize=811 outsize=209 ok=1
Cmd: preprocess
  insize=811 outsize=209 ok=1
Cmd: preprocess
  insize=811 outsize=209 ok=1
Cmd: preprocess
  insize=811 outsize=209 ok=1
Cmd: preprocess
  insize=811 outsize=209 ok=1
Cmd: preprocess
  insize=811 outsize=209 ok=1
Cmd: preprocess
  insize=811 outsize=209 ok=1
Cmd: preprocess
  insize=4132 outsize=497 ok=1
Cmd: preprocess
  insize=3870 outsize=504 ok=1
Cmd: preprocess
  insize=27795 outsize=1816 ok=1
Cmd: preprocess
  insize=5379 outsize=501 ok=1
Cmd: preprocess
  insize=3521 outsize=495 ok=1
Cmd: preprocess
  insize=811 outsize=209 ok=1
Cmd: preprocess
  insize=811 outsize=209 ok=1
Cmd: preprocess
  insize=811 outsize=209 ok=1
Cmd: preprocess
  insize=811 outsize=209 ok=1
Cmd: preprocess
  insize=811 outsize=209 ok=1
Cmd: preprocess
  insize=811 outsize=209 ok=1
Cmd: preprocess
  insize=811 outsize=209 ok=1
Cmd: preprocess
  insize=811 outsize=209 ok=1
Cmd: preprocess
  insize=811 outsize=209 ok=1
Cmd: preprocess
  insize=4132 outsize=497 ok=1
Cmd: preprocess
  insize=3870 outsize=504 ok=1
Cmd: preprocess
  insize=27795 outsize=1816 ok=1
Cmd: preprocess
  insize=5379 outsize=501 ok=1
Cmd: preprocess
  insize=3521 outsize=495 ok=1
Cmd: preprocess
  insize=811 outsize=209 ok=1
Cmd: preprocess
  insize=811 outsize=209 ok=1
Cmd: preprocess
  insize=811 outsize=209 ok=1
Cmd: preprocess
  insize=811 outsize=209 ok=1
Cmd: preprocess
  insize=811 outsize=209 ok=1
Cmd: preprocess
  insize=811 outsize=209 ok=1
Cmd: preprocess
  insize=811 outsize=209 ok=1
Cmd: preprocess
  insize=811 outsize=209 ok=1
Cmd: preprocess
  insize=811 outsize=209 ok=1
Cmd: preprocess
  insize=4132 outsize=497 ok=1
Cmd: preprocess
  insize=3870 outsize=504 ok=1
Cmd: preprocess
  insize=27795 outsize=1816 ok=1
Cmd: preprocess
  insize=5779 outsize=501 ok=1
Cmd: preprocess
  insize=3521 outsize=495 ok=1
Cmd: preprocess
  insize=811 outsize=209 ok=1
Cmd: preprocess
  insize=811 outsize=209 ok=1
Cmd: preprocess
  insize=811 outsize=209 ok=1
Cmd: preprocess
  insize=811 outsize=209 ok=1
Cmd: preprocess
  insize=811 outsize=209 ok=1
Cmd: preprocess
  insize=811 outsize=209 ok=1
Cmd: preprocess
  insize=811 outsize=209 ok=1
Cmd: preprocess
  insize=811 outsize=209 ok=1
Cmd: preprocess
  insize=811 outsize=209 ok=1
Cmd: preprocess
  insize=6581 outsize=498 ok=1
Cmd: preprocess
  insize=3870 outsize=504 ok=1
Cmd: preprocess
  insize=27795 outsize=1816 ok=1
Cmd: preprocess
  insize=5779 outsize=501 ok=1
Cmd: preprocess
  insize=3521 outsize=495 ok=1
Cmd: preprocess
  insize=811 outsize=209 ok=1
Cmd: preprocess
  insize=811 outsize=209 ok=1
Cmd: preprocess
  insize=811 outsize=209 ok=1
Cmd: preprocess
  insize=811 outsize=209 ok=1
Cmd: preprocess
  insize=811 outsize=209 ok=1
Cmd: preprocess
  insize=811 outsize=209 ok=1
Cmd: preprocess
  insize=811 outsize=209 ok=1
Cmd: preprocess
  insize=811 outsize=209 ok=1
Cmd: preprocess
  insize=811 outsize=209 ok=1
Cmd: preprocess
  insize=6581 outsize=498 ok=1
Cmd: preprocess
  insize=3870 outsize=504 ok=1
Cmd: preprocess
  insize=27795 outsize=1816 ok=1
Cmd: preprocess
  insize=5779 outsize=501 ok=1
Cmd: preprocess
  insize=3521 outsize=495 ok=1
Cmd: preprocess
  insize=811 outsize=209 ok=1
Cmd: preprocess
  insize=811 outsize=209 ok=1
Cmd: preprocess
  insize=811 outsize=209 ok=1
Cmd: preprocess
  insize=811 outsize=209 ok=1
Cmd: preprocess
  insize=811 outsize=209 ok=1
Cmd: preprocess
  insize=811 outsize=209 ok=1
Cmd: preprocess
  insize=811 outsize=209 ok=1
Cmd: preprocess
  insize=811 outsize=209 ok=1
Cmd: preprocess
  insize=811 outsize=209 ok=1
Cmd: preprocess
  insize=6581 outsize=498 ok=1
Cmd: preprocess
  insize=3870 outsize=504 ok=1
Cmd: preprocess
  insize=27795 outsize=1816 ok=1
Cmd: preprocess
  insize=5779 outsize=501 ok=1
Cmd: preprocess
  insize=3521 outsize=495 ok=1
Cmd: preprocess
  insize=811 outsize=209 ok=1
Cmd: preprocess
  insize=811 outsize=209 ok=1
Cmd: preprocess
  insize=811 outsize=209 ok=1
Cmd: preprocess
  insize=811 outsize=209 ok=1
Cmd: preprocess
  insize=811 outsize=209 ok=1
Cmd: preprocess
  insize=811 outsize=209 ok=1
Cmd: preprocess
  insize=811 outsize=209 ok=1
Cmd: preprocess
  insize=811 outsize=209 ok=1
Cmd: preprocess
  insize=811 outsize=209 ok=1
Cmd: preprocess
  insize=6581 outsize=498 ok=1
Cmd: preprocess
  insize=3870 outsize=504 ok=1
Cmd: preprocess
  insize=27795 outsize=1816 ok=1
Cmd: preprocess
  insize=5779 outsize=501 ok=1
Cmd: preprocess
  insize=3521 outsize=495 ok=1
Cmd: preprocess
  insize=811 outsize=209 ok=1
Cmd: preprocess
  insize=811 outsize=209 ok=1
Cmd: preprocess
  insize=811 outsize=209 ok=1
Cmd: preprocess
  insize=811 outsize=209 ok=1
Cmd: preprocess
  insize=811 outsize=209 ok=1
Cmd: preprocess
  insize=811 outsize=209 ok=1
Cmd: preprocess
  insize=811 outsize=209 ok=1
Cmd: preprocess
  insize=811 outsize=209 ok=1
Cmd: preprocess
  insize=811 outsize=209 ok=1
Cmd: preprocess
  insize=6581 outsize=498 ok=1
Cmd: preprocess
  insize=3870 outsize=504 ok=1
Cmd: preprocess
  insize=27795 outsize=1816 ok=1
Cmd: preprocess
  insize=5779 outsize=501 ok=1
Cmd: preprocess
  insize=3521 outsize=495 ok=1
Cmd: preprocess
  insize=811 outsize=209 ok=1
Cmd: preprocess
  insize=811 outsize=209 ok=1
Cmd: preprocess
  insize=811 outsize=209 ok=1
Cmd: preprocess
  insize=811 outsize=209 ok=1
Cmd: preprocess
  insize=811 outsize=209 ok=1
Cmd: preprocess
  insize=811 outsize=209 ok=1
Cmd: preprocess
  insize=811 outsize=209 ok=1
Cmd: preprocess
  insize=811 outsize=209 ok=1
Cmd: preprocess
  insize=811 outsize=209 ok=1
Cmd: preprocess
  insize=6581 outsize=498 ok=1
Cmd: preprocess
  insize=3870 outsize=504 ok=1
Cmd: preprocess
  insize=27795 outsize=1816 ok=1
Cmd: preprocess
  insize=5779 outsize=501 ok=1
Cmd: preprocess
  insize=3521 outsize=495 ok=1
Cmd: preprocess
  insize=811 outsize=209 ok=1
Cmd: preprocess
  insize=811 outsize=209 ok=1
Cmd: preprocess
  insize=811 outsize=209 ok=1
Cmd: preprocess
  insize=811 outsize=209 ok=1
Cmd: preprocess
  insize=811 outsize=209 ok=1
Cmd: preprocess
  insize=811 outsize=209 ok=1
Cmd: preprocess
  insize=811 outsize=209 ok=1
Cmd: preprocess
  insize=811 outsize=209 ok=1
Cmd: preprocess
  insize=811 outsize=209 ok=1
Cmd: preprocess
  insize=6606 outsize=498 ok=1
Cmd: preprocess
  insize=3870 outsize=504 ok=1
Cmd: preprocess
  insize=27795 outsize=1816 ok=1
Cmd: preprocess
  insize=5804 outsize=501 ok=1
Cmd: preprocess
  insize=3546 outsize=495 ok=1
Cmd: preprocess
  insize=811 outsize=209 ok=1
Cmd: preprocess
  insize=811 outsize=209 ok=1
Cmd: preprocess
  insize=811 outsize=209 ok=1
Cmd: preprocess
  insize=811 outsize=209 ok=1
Cmd: preprocess
  insize=811 outsize=209 ok=1
Cmd: preprocess
  insize=811 outsize=209 ok=1
Cmd: preprocess
  insize=811 outsize=209 ok=1
Cmd: preprocess
  insize=811 outsize=209 ok=1
Cmd: preprocess
  insize=811 outsize=209 ok=1
Cmd: preprocess
  insize=6606 outsize=498 ok=1
Cmd: preprocess
  insize=3870 outsize=504 ok=1
Cmd: preprocess
  insize=27795 outsize=1816 ok=1
Cmd: preprocess
  insize=5804 outsize=501 ok=1
Cmd: preprocess
  insize=3546 outsize=495 ok=1
Cmd: preprocess
  insize=811 outsize=209 ok=1
Cmd: preprocess
  insize=811 outsize=209 ok=1
Cmd: preprocess
  insize=811 outsize=209 ok=1
Cmd: preprocess
  insize=811 outsize=209 ok=1
Cmd: preprocess
  insize=811 outsize=209 ok=1
Cmd: preprocess
  insize=811 outsize=209 ok=1
Cmd: preprocess
  insize=811 outsize=209 ok=1
Cmd: preprocess
  insize=811 outsize=209 ok=1
Cmd: preprocess
  insize=811 outsize=209 ok=1
Cmd: preprocess
  insize=6606 outsize=498 ok=1
Cmd: preprocess
  insize=3870 outsize=504 ok=1
Cmd: preprocess
  insize=27795 outsize=1816 ok=1
Cmd: preprocess
  insize=5804 outsize=501 ok=1
Cmd: preprocess
  insize=3546 outsize=495 ok=1
Cmd: preprocess
  insize=811 outsize=209 ok=1
Cmd: preprocess
  insize=811 outsize=209 ok=1
Cmd: preprocess
  insize=811 outsize=209 ok=1
Cmd: preprocess
  insize=811 outsize=209 ok=1
Cmd: preprocess
  insize=811 outsize=209 ok=1
Cmd: preprocess
  insize=811 outsize=209 ok=1
Cmd: preprocess
  insize=811 outsize=209 ok=1
Cmd: preprocess
  insize=811 outsize=209 ok=1
Cmd: preprocess
  insize=811 outsize=209 ok=1
Cmd: preprocess
  insize=6606 outsize=498 ok=1
Cmd: preprocess
  insize=3870 outsize=504 ok=1
Cmd: preprocess
  insize=27795 outsize=1816 ok=1
Cmd: preprocess
  insize=5804 outsize=501 ok=1
Cmd: preprocess
  insize=3546 outsize=495 ok=1
Cmd: preprocess
  insize=811 outsize=209 ok=1
Cmd: preprocess
  insize=811 outsize=209 ok=1
Cmd: preprocess
  insize=811 outsize=209 ok=1
Cmd: preprocess
  insize=811 outsize=209 ok=1
Cmd: preprocess
  insize=811 outsize=209 ok=1
Cmd: preprocess
  insize=811 outsize=209 ok=1
Cmd: preprocess
  insize=811 outsize=209 ok=1
Cmd: preprocess
  insize=811 outsize=209 ok=1
Cmd: preprocess
  insize=811 outsize=209 ok=1
Cmd: preprocess
  insize=6606 outsize=498 ok=1
Cmd: preprocess
  insize=3870 outsize=504 ok=1
Cmd: preprocess
  insize=27795 outsize=1816 ok=1
Cmd: preprocess
  insize=5804 outsize=501 ok=1
Cmd: preprocess
  insize=3546 outsize=495 ok=1
Cmd: preprocess
  insize=811 outsize=209 ok=1
Cmd: preprocess
  insize=811 outsize=209 ok=1
Cmd: preprocess
  insize=811 outsize=209 ok=1
Cmd: preprocess
  insize=811 outsize=209 ok=1
Cmd: preprocess
  insize=811 outsize=209 ok=1
Cmd: preprocess
  insize=811 outsize=209 ok=1
Cmd: preprocess
  insize=811 outsize=209 ok=1
Cmd: preprocess
  insize=811 outsize=209 ok=1
Cmd: preprocess
  insize=811 outsize=209 ok=1
Cmd: preprocess
  insize=6606 outsize=498 ok=1
Cmd: preprocess
  insize=3870 outsize=504 ok=1
Cmd: preprocess
  insize=39753 outsize=1814 ok=1
Cmd: preprocess
  insize=5804 outsize=501 ok=1
Cmd: preprocess
  insize=3546 outsize=495 ok=1
Cmd: preprocess
  insize=811 outsize=209 ok=1
Cmd: preprocess
  insize=811 outsize=209 ok=1
Cmd: preprocess
  insize=811 outsize=209 ok=1
Cmd: preprocess
  insize=811 outsize=209 ok=1
Cmd: preprocess
  insize=811 outsize=209 ok=1
Cmd: preprocess
  insize=811 outsize=209 ok=1
Cmd: preprocess
  insize=811 outsize=209 ok=1
Cmd: preprocess
  insize=811 outsize=209 ok=1
Cmd: preprocess
  insize=811 outsize=209 ok=1
Cmd: preprocess
  insize=6606 outsize=498 ok=1
Cmd: preprocess
  insize=3870 outsize=504 ok=1
Cmd: preprocess
  insize=39753 outsize=1814 ok=1
Cmd: preprocess
  insize=5804 outsize=501 ok=1
Cmd: preprocess
  insize=3546 outsize=495 ok=1
Cmd: preprocess
  insize=811 outsize=209 ok=1
Cmd: preprocess
  insize=811 outsize=209 ok=1
Cmd: preprocess
  insize=811 outsize=209 ok=1
Cmd: preprocess
  insize=811 outsize=209 ok=1
Cmd: preprocess
  insize=811 outsize=209 ok=1
Cmd: preprocess
  insize=811 outsize=209 ok=1
Cmd: preprocess
  insize=811 outsize=209 ok=1
Cmd: preprocess
  insize=811 outsize=209 ok=1
Cmd: preprocess
  insize=811 outsize=209 ok=1
Cmd: preprocess
  insize=6606 outsize=498 ok=1
Cmd: preprocess
  insize=3870 outsize=504 ok=1
Cmd: preprocess
  insize=39753 outsize=1814 ok=1
Cmd: preprocess
  insize=5804 outsize=501 ok=1
Cmd: preprocess
  insize=3546 outsize=495 ok=1
Cmd: preprocess
  insize=811 outsize=209 ok=1
Cmd: preprocess
  insize=811 outsize=209 ok=1
Cmd: preprocess
  insize=811 outsize=209 ok=1
Cmd: preprocess
  insize=811 outsize=209 ok=1
Cmd: preprocess
  insize=811 outsize=209 ok=1
Cmd: preprocess
  insize=811 outsize=209 ok=1
Cmd: preprocess
  insize=811 outsize=209 ok=1
Cmd: preprocess
  insize=811 outsize=209 ok=1
Cmd: preprocess
  insize=811 outsize=209 ok=1
Cmd: preprocess
  insize=6606 outsize=498 ok=1
Cmd: preprocess
  insize=3870 outsize=504 ok=1
Cmd: preprocess
  insize=27795 outsize=1816 ok=1
Cmd: preprocess
  insize=5804 outsize=501 ok=1
Cmd: preprocess
  insize=3546 outsize=495 ok=1
Cmd: preprocess
  insize=811 outsize=209 ok=1
Cmd: preprocess
  insize=811 outsize=209 ok=1
Cmd: preprocess
  insize=811 outsize=209 ok=1
Cmd: preprocess
  insize=811 outsize=209 ok=1
Cmd: preprocess
  insize=811 outsize=209 ok=1
Cmd: preprocess
  insize=811 outsize=209 ok=1
Cmd: preprocess
  insize=811 outsize=209 ok=1
Cmd: preprocess
  insize=811 outsize=209 ok=1
Cmd: preprocess
  insize=811 outsize=209 ok=1
Cmd: preprocess
  insize=6086 outsize=498 ok=1
Cmd: preprocess
  insize=3870 outsize=504 ok=1
Cmd: preprocess
  insize=27795 outsize=1816 ok=1
Cmd: preprocess
  insize=5804 outsize=501 ok=1
Cmd: preprocess
  insize=3546 outsize=495 ok=1
Cmd: preprocess
  insize=811 outsize=209 ok=1
Cmd: preprocess
  insize=811 outsize=209 ok=1
Cmd: preprocess
  insize=811 outsize=209 ok=1
Cmd: preprocess
  insize=811 outsize=209 ok=1
Cmd: preprocess
  insize=811 outsize=209 ok=1
Cmd: preprocess
  insize=811 outsize=209 ok=1
Cmd: preprocess
  insize=811 outsize=209 ok=1
Cmd: preprocess
  insize=811 outsize=209 ok=1
Cmd: preprocess
  insize=811 outsize=209 ok=1
Cmd: preprocess
  insize=6086 outsize=498 ok=1
Cmd: preprocess
  insize=3870 outsize=504 ok=1
Cmd: preprocess
  insize=27795 outsize=1816 ok=1
Cmd: preprocess
  insize=5804 outsize=501 ok=1
Cmd: preprocess
  insize=3546 outsize=495 ok=1
Cmd: preprocess
  insize=811 outsize=209 ok=1
Cmd: preprocess
  insize=811 outsize=209 ok=1
Cmd: preprocess
  insize=811 outsize=209 ok=1
Cmd: preprocess
  insize=811 outsize=209 ok=1
Cmd: preprocess
  insize=811 outsize=209 ok=1
Cmd: preprocess
  insize=811 outsize=209 ok=1
Cmd: preprocess
  insize=811 outsize=209 ok=1
Cmd: preprocess
  insize=811 outsize=209 ok=1
Cmd: preprocess
  insize=811 outsize=209 ok=1
Cmd: preprocess
  insize=6086 outsize=498 ok=1
Cmd: preprocess
  insize=3870 outsize=504 ok=1
Cmd: preprocess
  insize=37594 outsize=1815 ok=1
Cmd: preprocess
  insize=5804 outsize=501 ok=1
Cmd: preprocess
  insize=3546 outsize=495 ok=1
Cmd: preprocess
  insize=811 outsize=209 ok=1
Cmd: preprocess
  insize=811 outsize=209 ok=1
Cmd: preprocess
  insize=811 outsize=209 ok=1
Cmd: preprocess
  insize=811 outsize=209 ok=1
Cmd: preprocess
  insize=811 outsize=209 ok=1
Cmd: preprocess
  insize=811 outsize=209 ok=1
Cmd: preprocess
  insize=811 outsize=209 ok=1
Cmd: preprocess
  insize=811 outsize=209 ok=1
Cmd: preprocess
  insize=3546 outsize=495 ok=1
Cmd: preprocess
  insize=5804 outsize=501 ok=1
Cmd: preprocess
  insize=37594 outsize=1815 ok=1
Cmd: preprocess
  insize=3870 outsize=504 ok=1
Cmd: preprocess
  insize=811 outsize=209 ok=1
Cmd: preprocess
  insize=6086 outsize=498 ok=1
Cmd: preprocess
  insize=6606 outsize=498 ok=1
Cmd: preprocess
  insize=39753 outsize=1816 ok=1
Cmd: preprocess
  insize=38726 outsize=1830 ok=1
Cmd: compileSnippet
  api=4 type=0 insize=12762 outsize=706 kw= pd=UNITY_ENABLE_REFLECTION_BUFFERS UNITY_USE_DITHER_MASK_FOR_ALPHABLENDED_SHADOWS UNITY_PBS_USE_BRDF1 UNITY_SPECCUBE_BOX_PROJECTION UNITY_SPECCUBE_BLENDING UNITY_ENABLE_DETAIL_NORMALMAP SHADER_API_DESKTOP UNITY_COLORSPACE_GAMMA UNITY_LIGHT_PROBE_PROXY_VOLUME UNITY_LIGHTMAP_FULL_HDR ok=1
Cmd: preprocess
  insize=4125 outsize=497 ok=1
Cmd: preprocess
  insize=30597 outsize=1815 ok=1
Cmd: compileSnippet
  api=4 type=0 insize=9888 outsize=1142 kw=UNITY_PASS_SHADOWCASTER pd=UNITY_ENABLE_REFLECTION_BUFFERS UNITY_USE_DITHER_MASK_FOR_ALPHABLENDED_SHADOWS UNITY_PBS_USE_BRDF1 UNITY_SPECCUBE_BOX_PROJECTION UNITY_SPECCUBE_BLENDING UNITY_ENABLE_DETAIL_NORMALMAP SHADER_API_DESKTOP UNITY_COLORSPACE_GAMMA UNITY_LIGHT_PROBE_PROXY_VOLUME UNITY_LIGHTMAP_FULL_HDR ok=1
Cmd: preprocess
  insize=6627 outsize=498 ok=1
Cmd: preprocess
  insize=39807 outsize=1816 ok=1
Cmd: preprocess
  insize=38780 outsize=1829 ok=1
Cmd: compileSnippet
  api=4 type=0 insize=12780 outsize=706 kw= pd=UNITY_ENABLE_REFLECTION_BUFFERS UNITY_USE_DITHER_MASK_FOR_ALPHABLENDED_SHADOWS UNITY_PBS_USE_BRDF1 UNITY_SPECCUBE_BOX_PROJECTION UNITY_SPECCUBE_BLENDING UNITY_ENABLE_DETAIL_NORMALMAP SHADER_API_DESKTOP UNITY_COLORSPACE_GAMMA UNITY_LIGHT_PROBE_PROXY_VOLUME UNITY_LIGHTMAP_FULL_HDR ok=1
Cmd: preprocess
  insize=6086 outsize=498 ok=1
Cmd: preprocess
  insize=38653 outsize=1816 ok=1
Cmd: compileSnippet
  api=4 type=0 insize=12372 outsize=1142 kw=UNITY_PASS_SHADOWCASTER pd=UNITY_ENABLE_REFLECTION_BUFFERS UNITY_USE_DITHER_MASK_FOR_ALPHABLENDED_SHADOWS UNITY_PBS_USE_BRDF1 UNITY_SPECCUBE_BOX_PROJECTION UNITY_SPECCUBE_BLENDING UNITY_ENABLE_DETAIL_NORMALMAP SHADER_API_DESKTOP UNITY_COLORSPACE_GAMMA UNITY_LIGHT_PROBE_PROXY_VOLUME UNITY_LIGHTMAP_FULL_HDR ok=1
Cmd: preprocess
  insize=3394 outsize=497 ok=1
Cmd: preprocess
  insize=28695 outsize=1815 ok=1
Cmd: compileSnippet
  api=4 type=0 insize=8910 outsize=1026 kw=UNITY_PASS_SHADOWCASTER pd=UNITY_ENABLE_REFLECTION_BUFFERS UNITY_USE_DITHER_MASK_FOR_ALPHABLENDED_SHADOWS UNITY_PBS_USE_BRDF1 UNITY_SPECCUBE_BOX_PROJECTION UNITY_SPECCUBE_BLENDING UNITY_ENABLE_DETAIL_NORMALMAP SHADER_API_DESKTOP UNITY_COLORSPACE_GAMMA UNITY_LIGHT_PROBE_PROXY_VOLUME UNITY_LIGHTMAP_FULL_HDR ok=1
Cmd: preprocess
  insize=811 outsize=209 ok=1
Cmd: preprocess
  insize=811 outsize=209 ok=1
Cmd: preprocess
  insize=811 outsize=209 ok=1
Cmd: preprocess
  insize=811 outsize=209 ok=1
Cmd: preprocess
  insize=811 outsize=209 ok=1
Cmd: preprocess
  insize=811 outsize=209 ok=1
Cmd: preprocess
  insize=811 outsize=209 ok=1
Cmd: preprocess
  insize=811 outsize=209 ok=1
Cmd: preprocess
  insize=811 outsize=209 ok=1
Cmd: preprocess
  insize=6086 outsize=498 ok=1
Cmd: preprocess
  insize=3870 outsize=504 ok=1
Cmd: preprocess
  insize=38653 outsize=1816 ok=1
Cmd: preprocess
  insize=5804 outsize=501 ok=1
Cmd: preprocess
  insize=3546 outsize=495 ok=1
Cmd: preprocess
  insize=27795 outsize=1816 ok=1
Cmd: preprocess
  insize=37594 outsize=1815 ok=1
Cmd: preprocess
  insize=36671 outsize=1830 ok=1
Cmd: preprocess
  insize=36672 outsize=1831 ok=1
Cmd: preprocess
  insize=811 outsize=209 ok=1
Cmd: preprocess
  insize=6087 outsize=499 ok=1
Cmd: preprocess
  insize=6057 outsize=498 ok=1
Cmd: preprocess
  insize=6607 outsize=499 ok=1
Cmd: preprocess
  insize=39754 outsize=1816 ok=1
Cmd: preprocess
  insize=38727 outsize=1830 ok=1
Cmd: compileSnippet
  api=4 type=0 insize=12762 outsize=706 kw= pd=UNITY_ENABLE_REFLECTION_BUFFERS UNITY_USE_DITHER_MASK_FOR_ALPHABLENDED_SHADOWS UNITY_PBS_USE_BRDF1 UNITY_SPECCUBE_BOX_PROJECTION UNITY_SPECCUBE_BLENDING UNITY_ENABLE_DETAIL_NORMALMAP SHADER_API_DESKTOP UNITY_COLORSPACE_GAMMA UNITY_LIGHT_PROBE_PROXY_VOLUME UNITY_LIGHTMAP_FULL_HDR ok=1
Cmd: preprocess
  insize=5393 outsize=502 ok=1
Cmd: preprocess
  insize=6195 outsize=499 ok=1
Cmd: preprocess
  insize=38290 outsize=1817 ok=1
Cmd: compileSnippet
  api=4 type=0 insize=12452 outsize=1142 kw=UNITY_PASS_SHADOWCASTER pd=UNITY_ENABLE_REFLECTION_BUFFERS UNITY_USE_DITHER_MASK_FOR_ALPHABLENDED_SHADOWS UNITY_PBS_USE_BRDF1 UNITY_SPECCUBE_BOX_PROJECTION UNITY_SPECCUBE_BLENDING UNITY_ENABLE_DETAIL_NORMALMAP SHADER_API_DESKTOP UNITY_COLORSPACE_GAMMA UNITY_LIGHT_PROBE_PROXY_VOLUME UNITY_LIGHTMAP_FULL_HDR ok=1
Cmd: preprocess
  insize=3522 outsize=496 ok=1
Cmd: preprocess
  insize=811 outsize=209 ok=1
Cmd: preprocess
  insize=811 outsize=209 ok=1
Cmd: preprocess
  insize=811 outsize=209 ok=1
Cmd: preprocess
  insize=811 outsize=209 ok=1
Cmd: preprocess
  insize=811 outsize=209 ok=1
Cmd: preprocess
  insize=811 outsize=209 ok=1
Cmd: preprocess
  insize=811 outsize=209 ok=1
Cmd: preprocess
  insize=811 outsize=209 ok=1
Cmd: preprocess
  insize=811 outsize=209 ok=1
Cmd: preprocess
  insize=5393 outsize=502 ok=1
Cmd: preprocess
  insize=38290 outsize=1817 ok=1
Cmd: preprocess
  insize=3871 outsize=505 ok=1
Cmd: preprocess
  insize=3522 outsize=496 ok=1
Cmd: preprocess
  insize=6195 outsize=499 ok=1
Cmd: preprocess
  insize=811 outsize=209 ok=1
Cmd: preprocess
  insize=811 outsize=209 ok=1
Cmd: preprocess
  insize=811 outsize=209 ok=1
Cmd: preprocess
  insize=811 outsize=209 ok=1
Cmd: preprocess
  insize=811 outsize=209 ok=1
Cmd: preprocess
  insize=811 outsize=209 ok=1
Cmd: preprocess
  insize=811 outsize=209 ok=1
Cmd: preprocess
  insize=811 outsize=209 ok=1
Cmd: preprocess
  insize=811 outsize=209 ok=1
Cmd: preprocess
  insize=5393 outsize=502 ok=1
Cmd: preprocess
  insize=38290 outsize=1817 ok=1
Cmd: preprocess
  insize=3871 outsize=505 ok=1
Cmd: preprocess
  insize=3547 outsize=496 ok=1
Cmd: preprocess
  insize=6195 outsize=499 ok=1
Cmd: preprocess
  insize=5800 outsize=497 ok=1
Cmd: preprocess
  insize=811 outsize=209 ok=1
Cmd: preprocess
  insize=811 outsize=209 ok=1
Cmd: preprocess
  insize=811 outsize=209 ok=1
Cmd: preprocess
  insize=811 outsize=209 ok=1
Cmd: preprocess
  insize=811 outsize=209 ok=1
Cmd: preprocess
  insize=811 outsize=209 ok=1
Cmd: preprocess
  insize=811 outsize=209 ok=1
Cmd: preprocess
  insize=811 outsize=209 ok=1
Cmd: preprocess
  insize=811 outsize=209 ok=1
Cmd: preprocess
  insize=6195 outsize=499 ok=1
Cmd: preprocess
  insize=5800 outsize=497 ok=1
Cmd: preprocess
  insize=3871 outsize=505 ok=1
Cmd: preprocess
  insize=38290 outsize=1817 ok=1
Cmd: preprocess
  insize=5393 outsize=502 ok=1
Cmd: preprocess
  insize=811 outsize=209 ok=1
Cmd: preprocess
  insize=811 outsize=209 ok=1
Cmd: preprocess
  insize=811 outsize=209 ok=1
Cmd: preprocess
  insize=811 outsize=209 ok=1
Cmd: preprocess
  insize=811 outsize=209 ok=1
Cmd: preprocess
  insize=811 outsize=209 ok=1
Cmd: preprocess
  insize=811 outsize=209 ok=1
Cmd: preprocess
  insize=811 outsize=209 ok=1
Cmd: preprocess
  insize=811 outsize=209 ok=1
Cmd: preprocess
  insize=6195 outsize=499 ok=1
Cmd: preprocess
  insize=3547 outsize=496 ok=1
Cmd: preprocess
  insize=3871 outsize=505 ok=1
Cmd: preprocess
  insize=38290 outsize=1817 ok=1
Cmd: preprocess
  insize=5393 outsize=502 ok=1
Cmd: preprocess
  insize=38533 outsize=1911 ok=1
Cmd: preprocess
  insize=37710 outsize=1926 ok=1
Cmd: compileSnippet
  api=4 type=0 insize=12391 outsize=706 kw= pd=UNITY_ENABLE_REFLECTION_BUFFERS UNITY_USE_DITHER_MASK_FOR_ALPHABLENDED_SHADOWS UNITY_PBS_USE_BRDF1 UNITY_SPECCUBE_BOX_PROJECTION UNITY_SPECCUBE_BLENDING UNITY_ENABLE_DETAIL_NORMALMAP SHADER_API_DESKTOP UNITY_COLORSPACE_GAMMA UNITY_LIGHT_PROBE_PROXY_VOLUME UNITY_LIGHTMAP_FULL_HDR ok=1
Cmd: preprocess
  insize=3522 outsize=496 ok=1
Cmd: preprocess
  insize=811 outsize=209 ok=1
Cmd: preprocess
  insize=811 outsize=209 ok=1
Cmd: preprocess
  insize=811 outsize=209 ok=1
Cmd: preprocess
  insize=811 outsize=209 ok=1
Cmd: preprocess
  insize=811 outsize=209 ok=1
Cmd: preprocess
  insize=811 outsize=209 ok=1
Cmd: preprocess
  insize=811 outsize=209 ok=1
Cmd: preprocess
  insize=811 outsize=209 ok=1
Cmd: preprocess
  insize=811 outsize=209 ok=1
Cmd: preprocess
  insize=5393 outsize=502 ok=1
Cmd: preprocess
  insize=38533 outsize=1911 ok=1
Cmd: preprocess
  insize=3871 outsize=505 ok=1
Cmd: preprocess
  insize=3522 outsize=496 ok=1
Cmd: preprocess
  insize=6195 outsize=499 ok=1
Cmd: preprocess
  insize=811 outsize=209 ok=1
Cmd: preprocess
  insize=811 outsize=209 ok=1
Cmd: preprocess
  insize=811 outsize=209 ok=1
Cmd: preprocess
  insize=811 outsize=209 ok=1
Cmd: preprocess
  insize=811 outsize=209 ok=1
Cmd: preprocess
  insize=811 outsize=209 ok=1
Cmd: preprocess
  insize=811 outsize=209 ok=1
Cmd: preprocess
  insize=811 outsize=209 ok=1
Cmd: preprocess
  insize=811 outsize=209 ok=1
Cmd: preprocess
  insize=5393 outsize=502 ok=1
Cmd: preprocess
  insize=38533 outsize=1911 ok=1
Cmd: preprocess
  insize=3871 outsize=505 ok=1
Cmd: preprocess
  insize=3547 outsize=496 ok=1
Cmd: preprocess
  insize=6195 outsize=499 ok=1
Cmd: preprocess
  insize=5800 outsize=497 ok=1
Cmd: preprocess
  insize=4133 outsize=498 ok=1
Cmd: preprocess
  insize=30895 outsize=1912 ok=1
Cmd: preprocess
  insize=6607 outsize=499 ok=1
Cmd: preprocess
  insize=39997 outsize=1913 ok=1
Cmd: preprocess
  insize=38970 outsize=1926 ok=1
Cmd: compileSnippet
  api=4 type=0 insize=12811 outsize=706 kw= pd=UNITY_ENABLE_REFLECTION_BUFFERS UNITY_USE_DITHER_MASK_FOR_ALPHABLENDED_SHADOWS UNITY_PBS_USE_BRDF1 UNITY_SPECCUBE_BOX_PROJECTION UNITY_SPECCUBE_BLENDING UNITY_ENABLE_DETAIL_NORMALMAP SHADER_API_DESKTOP UNITY_COLORSPACE_GAMMA UNITY_LIGHT_PROBE_PROXY_VOLUME UNITY_LIGHTMAP_FULL_HDR ok=1
Cmd: preprocess
  insize=811 outsize=209 ok=1
Cmd: preprocess
  insize=7064 outsize=496 ok=1
Cmd: preprocess
  insize=41605 outsize=1912 ok=1
Cmd: preprocess
  insize=40206 outsize=1926 ok=1
Cmd: compileSnippet
  api=4 type=0 insize=13223 outsize=706 kw= pd=UNITY_ENABLE_REFLECTION_BUFFERS UNITY_USE_DITHER_MASK_FOR_ALPHABLENDED_SHADOWS UNITY_PBS_USE_BRDF1 UNITY_SPECCUBE_BOX_PROJECTION UNITY_SPECCUBE_BLENDING UNITY_ENABLE_DETAIL_NORMALMAP SHADER_API_DESKTOP UNITY_COLORSPACE_GAMMA UNITY_LIGHT_PROBE_PROXY_VOLUME UNITY_LIGHTMAP_FULL_HDR ok=1
Cmd: preprocess
  insize=40206 outsize=1926 ok=1
Cmd: preprocess
  insize=40206 outsize=1926 ok=1
Cmd: preprocess
  insize=811 outsize=209 ok=1
Cmd: preprocess
  insize=811 outsize=209 ok=1
Cmd: preprocess
  insize=811 outsize=209 ok=1
Cmd: preprocess
  insize=811 outsize=209 ok=1
Cmd: preprocess
  insize=811 outsize=209 ok=1
Cmd: preprocess
  insize=811 outsize=209 ok=1
Cmd: preprocess
  insize=811 outsize=209 ok=1
Cmd: preprocess
  insize=811 outsize=209 ok=1
Cmd: preprocess
  insize=811 outsize=209 ok=1
Cmd: preprocess
  insize=811 outsize=209 ok=1
Cmd: preprocess
  insize=6607 outsize=499 ok=1
Cmd: preprocess
  insize=5800 outsize=497 ok=1
Cmd: preprocess
  insize=3871 outsize=505 ok=1
Cmd: preprocess
  insize=41605 outsize=1912 ok=1
Cmd: preprocess
  insize=5393 outsize=502 ok=1
Cmd: preprocess
  insize=7064 outsize=496 ok=1
Cmd: preprocess
  insize=5800 outsize=497 ok=1
Cmd: preprocess
  insize=6607 outsize=499 ok=1
Cmd: preprocess
  insize=7064 outsize=496 ok=1
Cmd: preprocess
  insize=41605 outsize=1912 ok=1
Cmd: preprocess
  insize=3871 outsize=505 ok=1
Cmd: preprocess
  insize=5393 outsize=502 ok=1
Cmd: preprocess
  insize=5785 outsize=497 ok=1
Cmd: preprocess
  insize=6592 outsize=499 ok=1
Cmd: preprocess
  insize=7049 outsize=495 ok=1
Cmd: preprocess
  insize=41560 outsize=1912 ok=1
Cmd: preprocess
  insize=3507 outsize=496 ok=1
Cmd: preprocess
  insize=4532 outsize=497 ok=1
Cmd: preprocess
  insize=4989 outsize=495 ok=1
Cmd: preprocess
  insize=33928 outsize=1912 ok=1
Cmd: preprocess
  insize=4133 outsize=498 ok=1
Cmd: preprocess
  insize=4590 outsize=495 ok=1
Cmd: preprocess
  insize=32503 outsize=1912 ok=1
Cmd: preprocess
  insize=28039 outsize=1911 ok=1
Cmd: preprocess
  insize=6195 outsize=499 ok=1
Cmd: preprocess
  insize=6652 outsize=496 ok=1
Cmd: preprocess
  insize=7050 outsize=497 ok=1
Cmd: preprocess
  insize=7018 outsize=497 ok=1
Cmd: preprocess
  insize=41440 outsize=1913 ok=1
Cmd: preprocess
  insize=7033 outsize=497 ok=1
Cmd: preprocess
  insize=41485 outsize=1912 ok=1
Cmd: preprocess
  insize=40290 outsize=1927 ok=1
Cmd: preprocess
  insize=811 outsize=209 ok=1
Cmd: preprocess
  insize=811 outsize=209 ok=1
Cmd: preprocess
  insize=811 outsize=209 ok=1
Cmd: preprocess
  insize=811 outsize=209 ok=1
Cmd: preprocess
  insize=811 outsize=209 ok=1
Cmd: preprocess
  insize=811 outsize=209 ok=1
Cmd: preprocess
  insize=811 outsize=209 ok=1
Cmd: preprocess
  insize=811 outsize=209 ok=1
Cmd: preprocess
  insize=811 outsize=209 ok=1
Cmd: preprocess
  insize=811 outsize=209 ok=1
Cmd: preprocess
  insize=6195 outsize=499 ok=1
Cmd: preprocess
  insize=7033 outsize=497 ok=1
Cmd: preprocess
  insize=3871 outsize=505 ok=1
Cmd: preprocess
  insize=41485 outsize=1912 ok=1
Cmd: preprocess
  insize=5393 outsize=502 ok=1
Cmd: preprocess
  insize=6652 outsize=496 ok=1
Cmd: preprocess
  insize=7033 outsize=497 ok=1
Cmd: preprocess
  insize=41485 outsize=1912 ok=1
Cmd: preprocess
  insize=3871 outsize=505 ok=1
Cmd: preprocess
  insize=6195 outsize=499 ok=1
Cmd: preprocess
  insize=6652 outsize=496 ok=1
Cmd: preprocess
  insize=5393 outsize=502 ok=1
Cmd: compileSnippet
  api=4 type=0 insize=13082 outsize=1142 kw=UNITY_PASS_SHADOWCASTER pd=UNITY_ENABLE_REFLECTION_BUFFERS UNITY_USE_DITHER_MASK_FOR_ALPHABLENDED_SHADOWS UNITY_PBS_USE_BRDF1 UNITY_SPECCUBE_BOX_PROJECTION UNITY_SPECCUBE_BLENDING UNITY_ENABLE_DETAIL_NORMALMAP SHADER_API_DESKTOP UNITY_COLORSPACE_GAMMA UNITY_LIGHT_PROBE_PROXY_VOLUME UNITY_LIGHTMAP_FULL_HDR ok=1
Cmd: compileSnippet
  api=4 type=1 insize=13082 outsize=2978 kw=UNITY_PASS_SHADOWCASTER pd=UNITY_ENABLE_REFLECTION_BUFFERS UNITY_USE_DITHER_MASK_FOR_ALPHABLENDED_SHADOWS UNITY_PBS_USE_BRDF1 UNITY_SPECCUBE_BOX_PROJECTION UNITY_SPECCUBE_BLENDING UNITY_ENABLE_DETAIL_NORMALMAP SHADER_API_DESKTOP UNITY_COLORSPACE_GAMMA UNITY_LIGHT_PROBE_PROXY_VOLUME UNITY_LIGHTMAP_FULL_HDR ok=1
Cmd: preprocess
  insize=811 outsize=209 ok=1
Cmd: preprocess
  insize=811 outsize=209 ok=1
Cmd: preprocess
  insize=811 outsize=209 ok=1
Cmd: preprocess
  insize=811 outsize=209 ok=1
Cmd: preprocess
  insize=811 outsize=209 ok=1
Cmd: preprocess
  insize=811 outsize=209 ok=1
Cmd: preprocess
  insize=811 outsize=209 ok=1
Cmd: preprocess
  insize=811 outsize=209 ok=1
Cmd: preprocess
  insize=811 outsize=209 ok=1
Cmd: preprocess
  insize=811 outsize=209 ok=1
Cmd: preprocess
  insize=6195 outsize=499 ok=1
Cmd: preprocess
  insize=7033 outsize=497 ok=1
Cmd: preprocess
  insize=3871 outsize=505 ok=1
Cmd: preprocess
  insize=41485 outsize=1912 ok=1
Cmd: preprocess
  insize=5393 outsize=502 ok=1
Cmd: preprocess
  insize=6652 outsize=496 ok=1
Cmd: preprocess
  insize=7033 outsize=497 ok=1
Cmd: preprocess
  insize=41485 outsize=1912 ok=1
Cmd: preprocess
  insize=3871 outsize=505 ok=1
Cmd: preprocess
  insize=6195 outsize=499 ok=1
Cmd: preprocess
  insize=6652 outsize=496 ok=1
Cmd: preprocess
  insize=5393 outsize=502 ok=1
Cmd: preprocess
  insize=7118 outsize=554 ok=1
Cmd: preprocess
  insize=41650 outsize=1970 ok=1
Cmd: preprocess
  insize=3956 outsize=562 ok=1
Cmd: preprocess
  insize=6280 outsize=556 ok=1
Cmd: preprocess
  insize=6737 outsize=553 ok=1
Cmd: preprocess
  insize=5478 outsize=559 ok=1
Cmd: compileSnippet
  error: 1 plat 4 at (157): 'TransformObjectToWorld': implicit truncation of vector type\nCompiling Vertex program
Platform defines: UNITY_ENABLE_REFLECTION_BUFFERS UNITY_USE_DITHER_MASK_FOR_ALPHABLENDED_SHADOWS UNITY_PBS_USE_BRDF1 UNITY_SPECCUBE_BOX_PROJECTION UNITY_SPECCUBE_BLENDING UNITY_ENABLE_DETAIL_NORMALMAP SHADER_API_DESKTOP UNITY_COLORSPACE_GAMMA UNITY_LIGHT_PROBE_PROXY_VOLUME UNITY_LIGHTMAP_FULL_HDR
  api=4 type=0 insize=6061 outsize=642 kw= pd=UNITY_ENABLE_REFLECTION_BUFFERS UNITY_USE_DITHER_MASK_FOR_ALPHABLENDED_SHADOWS UNITY_PBS_USE_BRDF1 UNITY_SPECCUBE_BOX_PROJECTION UNITY_SPECCUBE_BLENDING UNITY_ENABLE_DETAIL_NORMALMAP SHADER_API_DESKTOP UNITY_COLORSPACE_GAMMA UNITY_LIGHT_PROBE_PROXY_VOLUME UNITY_LIGHTMAP_FULL_HDR ok=1
Cmd: compileSnippet
  error: 1 plat 4 at (157): 'TransformObjectToWorld': implicit truncation of vector type\nCompiling Fragment program
Platform defines: UNITY_ENABLE_REFLECTION_BUFFERS UNITY_USE_DITHER_MASK_FOR_ALPHABLENDED_SHADOWS UNITY_PBS_USE_BRDF1 UNITY_SPECCUBE_BOX_PROJECTION UNITY_SPECCUBE_BLENDING UNITY_ENABLE_DETAIL_NORMALMAP SHADER_API_DESKTOP UNITY_COLORSPACE_GAMMA UNITY_LIGHT_PROBE_PROXY_VOLUME UNITY_LIGHTMAP_FULL_HDR
  api=4 type=1 insize=6061 outsize=2914 kw= pd=UNITY_ENABLE_REFLECTION_BUFFERS UNITY_USE_DITHER_MASK_FOR_ALPHABLENDED_SHADOWS UNITY_PBS_USE_BRDF1 UNITY_SPECCUBE_BOX_PROJECTION UNITY_SPECCUBE_BLENDING UNITY_ENABLE_DETAIL_NORMALMAP SHADER_API_DESKTOP UNITY_COLORSPACE_GAMMA UNITY_LIGHT_PROBE_PROXY_VOLUME UNITY_LIGHTMAP_FULL_HDR ok=1
Cmd: compileSnippet
  error: 1 plat 4 at (166): 'TransformObjectToWorld': implicit truncation of vector type\nCompiling Vertex program
Platform defines: UNITY_ENABLE_REFLECTION_BUFFERS UNITY_USE_DITHER_MASK_FOR_ALPHABLENDED_SHADOWS UNITY_PBS_USE_BRDF1 UNITY_SPECCUBE_BOX_PROJECTION UNITY_SPECCUBE_BLENDING UNITY_ENABLE_DETAIL_NORMALMAP SHADER_API_DESKTOP UNITY_COLORSPACE_GAMMA UNITY_LIGHT_PROBE_PROXY_VOLUME UNITY_LIGHTMAP_FULL_HDR
  api=4 type=0 insize=6521 outsize=642 kw= pd=UNITY_ENABLE_REFLECTION_BUFFERS UNITY_USE_DITHER_MASK_FOR_ALPHABLENDED_SHADOWS UNITY_PBS_USE_BRDF1 UNITY_SPECCUBE_BOX_PROJECTION UNITY_SPECCUBE_BLENDING UNITY_ENABLE_DETAIL_NORMALMAP SHADER_API_DESKTOP UNITY_COLORSPACE_GAMMA UNITY_LIGHT_PROBE_PROXY_VOLUME UNITY_LIGHTMAP_FULL_HDR ok=1
Cmd: compileSnippet
  error: 1 plat 4 at (166): 'TransformObjectToWorld': implicit truncation of vector type\nCompiling Fragment program
Platform defines: UNITY_ENABLE_REFLECTION_BUFFERS UNITY_USE_DITHER_MASK_FOR_ALPHABLENDED_SHADOWS UNITY_PBS_USE_BRDF1 UNITY_SPECCUBE_BOX_PROJECTION UNITY_SPECCUBE_BLENDING UNITY_ENABLE_DETAIL_NORMALMAP SHADER_API_DESKTOP UNITY_COLORSPACE_GAMMA UNITY_LIGHT_PROBE_PROXY_VOLUME UNITY_LIGHTMAP_FULL_HDR
  api=4 type=1 insize=6521 outsize=3058 kw= pd=UNITY_ENABLE_REFLECTION_BUFFERS UNITY_USE_DITHER_MASK_FOR_ALPHABLENDED_SHADOWS UNITY_PBS_USE_BRDF1 UNITY_SPECCUBE_BOX_PROJECTION UNITY_SPECCUBE_BLENDING UNITY_ENABLE_DETAIL_NORMALMAP SHADER_API_DESKTOP UNITY_COLORSPACE_GAMMA UNITY_LIGHT_PROBE_PROXY_VOLUME UNITY_LIGHTMAP_FULL_HDR ok=1
Cmd: compileSnippet
  api=4 type=0 insize=13690 outsize=706 kw= pd=UNITY_ENABLE_REFLECTION_BUFFERS UNITY_USE_DITHER_MASK_FOR_ALPHABLENDED_SHADOWS UNITY_PBS_USE_BRDF1 UNITY_SPECCUBE_BOX_PROJECTION UNITY_SPECCUBE_BLENDING UNITY_ENABLE_DETAIL_NORMALMAP SHADER_API_DESKTOP UNITY_COLORSPACE_GAMMA UNITY_LIGHT_PROBE_PROXY_VOLUME UNITY_LIGHTMAP_FULL_HDR ok=1
Cmd: preprocess
  insize=811 outsize=209 ok=1
Cmd: preprocess
  insize=7295 outsize=622 ok=1
Cmd: preprocess
  insize=42069 outsize=2036 ok=1
Cmd: preprocess
  insize=4133 outsize=630 ok=1
Cmd: preprocess
  insize=6457 outsize=624 ok=1
Cmd: preprocess
  insize=6914 outsize=621 ok=1
Cmd: preprocess
  insize=5655 outsize=627 ok=1
Cmd: compileSnippet
  error: 1 plat 4 at (159): 'TransformObjectToWorld': implicit truncation of vector type\nCompiling Vertex program
Platform defines: UNITY_ENABLE_REFLECTION_BUFFERS UNITY_USE_DITHER_MASK_FOR_ALPHABLENDED_SHADOWS UNITY_PBS_USE_BRDF1 UNITY_SPECCUBE_BOX_PROJECTION UNITY_SPECCUBE_BLENDING UNITY_ENABLE_DETAIL_NORMALMAP SHADER_API_DESKTOP UNITY_COLORSPACE_GAMMA UNITY_LIGHT_PROBE_PROXY_VOLUME UNITY_LIGHTMAP_FULL_HDR
  api=4 type=0 insize=6170 outsize=642 kw= pd=UNITY_ENABLE_REFLECTION_BUFFERS UNITY_USE_DITHER_MASK_FOR_ALPHABLENDED_SHADOWS UNITY_PBS_USE_BRDF1 UNITY_SPECCUBE_BOX_PROJECTION UNITY_SPECCUBE_BLENDING UNITY_ENABLE_DETAIL_NORMALMAP SHADER_API_DESKTOP UNITY_COLORSPACE_GAMMA UNITY_LIGHT_PROBE_PROXY_VOLUME UNITY_LIGHTMAP_FULL_HDR ok=1
Cmd: compileSnippet
  error: 1 plat 4 at (159): 'TransformObjectToWorld': implicit truncation of vector type\nCompiling Fragment program
Platform defines: UNITY_ENABLE_REFLECTION_BUFFERS UNITY_USE_DITHER_MASK_FOR_ALPHABLENDED_SHADOWS UNITY_PBS_USE_BRDF1 UNITY_SPECCUBE_BOX_PROJECTION UNITY_SPECCUBE_BLENDING UNITY_ENABLE_DETAIL_NORMALMAP SHADER_API_DESKTOP UNITY_COLORSPACE_GAMMA UNITY_LIGHT_PROBE_PROXY_VOLUME UNITY_LIGHTMAP_FULL_HDR
  api=4 type=1 insize=6170 outsize=2914 kw= pd=UNITY_ENABLE_REFLECTION_BUFFERS UNITY_USE_DITHER_MASK_FOR_ALPHABLENDED_SHADOWS UNITY_PBS_USE_BRDF1 UNITY_SPECCUBE_BOX_PROJECTION UNITY_SPECCUBE_BLENDING UNITY_ENABLE_DETAIL_NORMALMAP SHADER_API_DESKTOP UNITY_COLORSPACE_GAMMA UNITY_LIGHT_PROBE_PROXY_VOLUME UNITY_LIGHTMAP_FULL_HDR ok=1
Cmd: compileSnippet
  error: 1 plat 4 at (168): 'TransformObjectToWorld': implicit truncation of vector type\nCompiling Vertex program
Platform defines: UNITY_ENABLE_REFLECTION_BUFFERS UNITY_USE_DITHER_MASK_FOR_ALPHABLENDED_SHADOWS UNITY_PBS_USE_BRDF1 UNITY_SPECCUBE_BOX_PROJECTION UNITY_SPECCUBE_BLENDING UNITY_ENABLE_DETAIL_NORMALMAP SHADER_API_DESKTOP UNITY_COLORSPACE_GAMMA UNITY_LIGHT_PROBE_PROXY_VOLUME UNITY_LIGHTMAP_FULL_HDR
  api=4 type=0 insize=6630 outsize=642 kw= pd=UNITY_ENABLE_REFLECTION_BUFFERS UNITY_USE_DITHER_MASK_FOR_ALPHABLENDED_SHADOWS UNITY_PBS_USE_BRDF1 UNITY_SPECCUBE_BOX_PROJECTION UNITY_SPECCUBE_BLENDING UNITY_ENABLE_DETAIL_NORMALMAP SHADER_API_DESKTOP UNITY_COLORSPACE_GAMMA UNITY_LIGHT_PROBE_PROXY_VOLUME UNITY_LIGHTMAP_FULL_HDR ok=1
Cmd: compileSnippet
  error: 1 plat 4 at (168): 'TransformObjectToWorld': implicit truncation of vector type\nCompiling Fragment program
Platform defines: UNITY_ENABLE_REFLECTION_BUFFERS UNITY_USE_DITHER_MASK_FOR_ALPHABLENDED_SHADOWS UNITY_PBS_USE_BRDF1 UNITY_SPECCUBE_BOX_PROJECTION UNITY_SPECCUBE_BLENDING UNITY_ENABLE_DETAIL_NORMALMAP SHADER_API_DESKTOP UNITY_COLORSPACE_GAMMA UNITY_LIGHT_PROBE_PROXY_VOLUME UNITY_LIGHTMAP_FULL_HDR
  api=4 type=1 insize=6630 outsize=3058 kw= pd=UNITY_ENABLE_REFLECTION_BUFFERS UNITY_USE_DITHER_MASK_FOR_ALPHABLENDED_SHADOWS UNITY_PBS_USE_BRDF1 UNITY_SPECCUBE_BOX_PROJECTION UNITY_SPECCUBE_BLENDING UNITY_ENABLE_DETAIL_NORMALMAP SHADER_API_DESKTOP UNITY_COLORSPACE_GAMMA UNITY_LIGHT_PROBE_PROXY_VOLUME UNITY_LIGHTMAP_FULL_HDR ok=1
Cmd: compileSnippet
  api=4 type=0 insize=13807 outsize=706 kw= pd=UNITY_ENABLE_REFLECTION_BUFFERS UNITY_USE_DITHER_MASK_FOR_ALPHABLENDED_SHADOWS UNITY_PBS_USE_BRDF1 UNITY_SPECCUBE_BOX_PROJECTION UNITY_SPECCUBE_BLENDING UNITY_ENABLE_DETAIL_NORMALMAP SHADER_API_DESKTOP UNITY_COLORSPACE_GAMMA UNITY_LIGHT_PROBE_PROXY_VOLUME UNITY_LIGHTMAP_FULL_HDR ok=1
Cmd: preprocess
  insize=811 outsize=209 ok=1
Cmd: preprocess
  insize=811 outsize=209 ok=1
Cmd: preprocess
  insize=4153 outsize=630 ok=1
Cmd: preprocess
  insize=811 outsize=209 ok=1
Cmd: preprocess
  insize=3783 outsize=621 ok=1
Cmd: preprocess
  insize=811 outsize=209 ok=1
Cmd: preprocess
  insize=4741 outsize=620 ok=1
Cmd: preprocess
  insize=811 outsize=209 ok=1
Cmd: preprocess
  insize=5029 outsize=622 ok=1
Cmd: preprocess
  insize=5029 outsize=622 ok=1
Cmd: preprocess
  insize=3657 outsize=623 ok=1
Cmd: preprocess
  insize=5029 outsize=623 ok=1
Cmd: preprocess
  insize=8634 outsize=624 ok=1
Cmd: preprocess
  insize=28623 outsize=2038 ok=1
Cmd: preprocess
  insize=8896 outsize=622 ok=1
Cmd: preprocess
  insize=8857 outsize=621 ok=1
Cmd: preprocess
  insize=47367 outsize=2039 ok=1
Cmd: preprocess
  insize=45608 outsize=2051 ok=1
Cmd: preprocess
  insize=4139 outsize=623 ok=1
Cmd: preprocess
  insize=4727 outsize=613 ok=1
Cmd: preprocess
  insize=8620 outsize=617 ok=1
Cmd: preprocess
  insize=8843 outsize=614 ok=1
Cmd: preprocess
  insize=47318 outsize=2032 ok=1
Cmd: preprocess
  insize=7281 outsize=614 ok=1
Cmd: preprocess
  insize=4119 outsize=623 ok=1
Cmd: preprocess
  insize=6443 outsize=616 ok=1
Cmd: preprocess
  insize=6900 outsize=614 ok=1
Cmd: preprocess
  insize=5641 outsize=620 ok=1
Cmd: compileSnippet
  api=4 type=0 insize=15390 outsize=1142 kw=UNITY_PASS_SHADOWCASTER pd=UNITY_ENABLE_REFLECTION_BUFFERS UNITY_USE_DITHER_MASK_FOR_ALPHABLENDED_SHADOWS UNITY_PBS_USE_BRDF1 UNITY_SPECCUBE_BOX_PROJECTION UNITY_SPECCUBE_BLENDING UNITY_ENABLE_DETAIL_NORMALMAP SHADER_API_DESKTOP UNITY_COLORSPACE_GAMMA UNITY_LIGHT_PROBE_PROXY_VOLUME UNITY_LIGHTMAP_FULL_HDR ok=1
Cmd: preprocess
  insize=4123 outsize=615 ok=1
Cmd: preprocess
  insize=4711 outsize=604 ok=1
Cmd: preprocess
  insize=8604 outsize=609 ok=1
Cmd: preprocess
  insize=8819 outsize=607 ok=1
Cmd: preprocess
  insize=47262 outsize=2024 ok=1
Cmd: preprocess
  insize=7265 outsize=607 ok=1
Cmd: preprocess
  insize=4103 outsize=615 ok=1
Cmd: preprocess
  insize=6427 outsize=609 ok=1
Cmd: preprocess
  insize=6884 outsize=606 ok=1
Cmd: preprocess
  insize=5625 outsize=612 ok=1
Cmd: preprocess
  insize=45503 outsize=2037 ok=1
Cmd: compileSnippet
  api=4 type=0 insize=14783 outsize=1142 kw=UNITY_PASS_SHADOWCASTER pd=UNITY_ENABLE_REFLECTION_BUFFERS UNITY_USE_DITHER_MASK_FOR_ALPHABLENDED_SHADOWS UNITY_PBS_USE_BRDF1 UNITY_SPECCUBE_BOX_PROJECTION UNITY_SPECCUBE_BLENDING UNITY_ENABLE_DETAIL_NORMALMAP SHADER_API_DESKTOP UNITY_COLORSPACE_GAMMA UNITY_LIGHT_PROBE_PROXY_VOLUME UNITY_LIGHTMAP_FULL_HDR ok=1
Cmd: compileSnippet
  api=4 type=1 insize=14783 outsize=3286 kw=UNITY_PASS_SHADOWCASTER pd=UNITY_ENABLE_REFLECTION_BUFFERS UNITY_USE_DITHER_MASK_FOR_ALPHABLENDED_SHADOWS UNITY_PBS_USE_BRDF1 UNITY_SPECCUBE_BOX_PROJECTION UNITY_SPECCUBE_BLENDING UNITY_ENABLE_DETAIL_NORMALMAP SHADER_API_DESKTOP UNITY_COLORSPACE_GAMMA UNITY_LIGHT_PROBE_PROXY_VOLUME UNITY_LIGHTMAP_FULL_HDR ok=1
Cmd: compileSnippet
  api=4 type=0 insize=14952 outsize=706 kw= pd=UNITY_ENABLE_REFLECTION_BUFFERS UNITY_USE_DITHER_MASK_FOR_ALPHABLENDED_SHADOWS UNITY_PBS_USE_BRDF1 UNITY_SPECCUBE_BOX_PROJECTION UNITY_SPECCUBE_BLENDING UNITY_ENABLE_DETAIL_NORMALMAP SHADER_API_DESKTOP UNITY_COLORSPACE_GAMMA UNITY_LIGHT_PROBE_PROXY_VOLUME UNITY_LIGHTMAP_FULL_HDR ok=1
Cmd: compileSnippet
  api=4 type=1 insize=14952 outsize=3294 kw= pd=UNITY_ENABLE_REFLECTION_BUFFERS UNITY_USE_DITHER_MASK_FOR_ALPHABLENDED_SHADOWS UNITY_PBS_USE_BRDF1 UNITY_SPECCUBE_BOX_PROJECTION UNITY_SPECCUBE_BLENDING UNITY_ENABLE_DETAIL_NORMALMAP SHADER_API_DESKTOP UNITY_COLORSPACE_GAMMA UNITY_LIGHT_PROBE_PROXY_VOLUME UNITY_LIGHTMAP_FULL_HDR ok=1
Cmd: preprocess
  insize=811 outsize=209 ok=1
Cmd: preprocess
  insize=811 outsize=209 ok=1
Cmd: preprocess
  insize=811 outsize=209 ok=1
Cmd: preprocess
  insize=811 outsize=209 ok=1
Cmd: preprocess
  insize=811 outsize=209 ok=1
Cmd: preprocess
  insize=811 outsize=209 ok=1
Cmd: preprocess
  insize=811 outsize=209 ok=1
Cmd: preprocess
  insize=811 outsize=209 ok=1
Cmd: preprocess
  insize=811 outsize=209 ok=1
Cmd: preprocess
  insize=811 outsize=209 ok=1
Cmd: preprocess
  insize=811 outsize=209 ok=1
Cmd: preprocess
  insize=811 outsize=209 ok=1
Cmd: preprocess
  insize=811 outsize=209 ok=1
Cmd: preprocess
  insize=811 outsize=209 ok=1
Cmd: preprocess
  insize=811 outsize=209 ok=1
Cmd: preprocess
  insize=811 outsize=209 ok=1
Cmd: preprocess
  insize=6427 outsize=609 ok=1
Cmd: preprocess
  insize=7265 outsize=607 ok=1
Cmd: preprocess
  insize=4103 outsize=615 ok=1
Cmd: preprocess
  insize=47262 outsize=2024 ok=1
Cmd: preprocess
  insize=5625 outsize=612 ok=1
Cmd: preprocess
  insize=6884 outsize=606 ok=1
Cmd: preprocess
  insize=4123 outsize=615 ok=1
Cmd: preprocess
  insize=8819 outsize=607 ok=1
Cmd: preprocess
  insize=4711 outsize=604 ok=1
Cmd: preprocess
  insize=8604 outsize=609 ok=1
Cmd: preprocess
  insize=4123 outsize=615 ok=1
Cmd: preprocess
  insize=4711 outsize=604 ok=1
Cmd: preprocess
  insize=8604 outsize=609 ok=1
Cmd: preprocess
  insize=8819 outsize=607 ok=1
Cmd: preprocess
  insize=47262 outsize=2024 ok=1
Cmd: preprocess
  insize=7265 outsize=607 ok=1
Cmd: preprocess
  insize=4103 outsize=615 ok=1
Cmd: preprocess
  insize=6427 outsize=609 ok=1
Cmd: preprocess
  insize=6884 outsize=606 ok=1
Cmd: preprocess
  insize=5625 outsize=612 ok=1
Cmd: preprocess
  insize=4103 outsize=605 ok=1
Cmd: preprocess
  insize=4691 outsize=594 ok=1
Cmd: preprocess
  insize=8574 outsize=598 ok=1
Cmd: preprocess
  insize=8789 outsize=597 ok=1
Cmd: preprocess
  insize=47192 outsize=2013 ok=1
Cmd: preprocess
  insize=7235 outsize=597 ok=1
Cmd: preprocess
  insize=4083 outsize=605 ok=1
Cmd: preprocess
  insize=6407 outsize=598 ok=1
Cmd: preprocess
  insize=6864 outsize=596 ok=1
Cmd: preprocess
  insize=5605 outsize=602 ok=1
Cmd: preprocess
  insize=45433 outsize=2027 ok=1
Cmd: compileSnippet
  api=4 type=0 insize=14763 outsize=1142 kw=UNITY_PASS_SHADOWCASTER pd=UNITY_ENABLE_REFLECTION_BUFFERS UNITY_USE_DITHER_MASK_FOR_ALPHABLENDED_SHADOWS UNITY_PBS_USE_BRDF1 UNITY_SPECCUBE_BOX_PROJECTION UNITY_SPECCUBE_BLENDING UNITY_ENABLE_DETAIL_NORMALMAP SHADER_API_DESKTOP UNITY_COLORSPACE_GAMMA UNITY_LIGHT_PROBE_PROXY_VOLUME UNITY_LIGHTMAP_FULL_HDR ok=1
Cmd: compileSnippet
  api=4 type=1 insize=14763 outsize=3286 kw=UNITY_PASS_SHADOWCASTER pd=UNITY_ENABLE_REFLECTION_BUFFERS UNITY_USE_DITHER_MASK_FOR_ALPHABLENDED_SHADOWS UNITY_PBS_USE_BRDF1 UNITY_SPECCUBE_BOX_PROJECTION UNITY_SPECCUBE_BLENDING UNITY_ENABLE_DETAIL_NORMALMAP SHADER_API_DESKTOP UNITY_COLORSPACE_GAMMA UNITY_LIGHT_PROBE_PROXY_VOLUME UNITY_LIGHTMAP_FULL_HDR ok=1
Cmd: compileSnippet
  api=4 type=0 insize=14932 outsize=706 kw= pd=UNITY_ENABLE_REFLECTION_BUFFERS UNITY_USE_DITHER_MASK_FOR_ALPHABLENDED_SHADOWS UNITY_PBS_USE_BRDF1 UNITY_SPECCUBE_BOX_PROJECTION UNITY_SPECCUBE_BLENDING UNITY_ENABLE_DETAIL_NORMALMAP SHADER_API_DESKTOP UNITY_COLORSPACE_GAMMA UNITY_LIGHT_PROBE_PROXY_VOLUME UNITY_LIGHTMAP_FULL_HDR ok=1
Cmd: compileSnippet
  api=4 type=1 insize=14932 outsize=3294 kw= pd=UNITY_ENABLE_REFLECTION_BUFFERS UNITY_USE_DITHER_MASK_FOR_ALPHABLENDED_SHADOWS UNITY_PBS_USE_BRDF1 UNITY_SPECCUBE_BOX_PROJECTION UNITY_SPECCUBE_BLENDING UNITY_ENABLE_DETAIL_NORMALMAP SHADER_API_DESKTOP UNITY_COLORSPACE_GAMMA UNITY_LIGHT_PROBE_PROXY_VOLUME UNITY_LIGHTMAP_FULL_HDR ok=1
Cmd: preprocess
  insize=811 outsize=209 ok=1
Cmd: preprocess
  insize=811 outsize=209 ok=1
Cmd: preprocess
  insize=811 outsize=209 ok=1
Cmd: preprocess
  insize=811 outsize=209 ok=1
Cmd: preprocess
  insize=811 outsize=209 ok=1
Cmd: preprocess
  insize=811 outsize=209 ok=1
Cmd: preprocess
  insize=811 outsize=209 ok=1
Cmd: preprocess
  insize=811 outsize=209 ok=1
Cmd: preprocess
  insize=811 outsize=209 ok=1
Cmd: preprocess
  insize=811 outsize=209 ok=1
Cmd: preprocess
  insize=811 outsize=209 ok=1
Cmd: preprocess
  insize=811 outsize=209 ok=1
Cmd: preprocess
  insize=811 outsize=209 ok=1
Cmd: preprocess
  insize=811 outsize=209 ok=1
Cmd: preprocess
  insize=811 outsize=209 ok=1
Cmd: preprocess
  insize=811 outsize=209 ok=1
Cmd: preprocess
  insize=6407 outsize=598 ok=1
Cmd: preprocess
  insize=7235 outsize=597 ok=1
Cmd: preprocess
  insize=4083 outsize=605 ok=1
Cmd: preprocess
  insize=47192 outsize=2013 ok=1
Cmd: preprocess
  insize=5605 outsize=602 ok=1
Cmd: preprocess
  insize=6864 outsize=596 ok=1
Cmd: preprocess
  insize=4103 outsize=605 ok=1
Cmd: preprocess
  insize=8789 outsize=597 ok=1
Cmd: preprocess
  insize=4691 outsize=594 ok=1
Cmd: preprocess
  insize=8574 outsize=598 ok=1
Cmd: preprocess
  insize=4103 outsize=605 ok=1
Cmd: preprocess
  insize=4691 outsize=594 ok=1
Cmd: preprocess
  insize=8574 outsize=598 ok=1
Cmd: preprocess
  insize=8789 outsize=597 ok=1
Cmd: preprocess
  insize=47192 outsize=2013 ok=1
Cmd: preprocess
  insize=7235 outsize=597 ok=1
Cmd: preprocess
  insize=4083 outsize=605 ok=1
Cmd: preprocess
  insize=6407 outsize=598 ok=1
Cmd: preprocess
  insize=6864 outsize=596 ok=1
Cmd: preprocess
  insize=5605 outsize=602 ok=1
Cmd: preprocess
  insize=811 outsize=209 ok=1
Cmd: preprocess
  insize=811 outsize=209 ok=1
Cmd: preprocess
  insize=811 outsize=209 ok=1
Cmd: preprocess
  insize=811 outsize=209 ok=1
Cmd: preprocess
  insize=811 outsize=209 ok=1
Cmd: preprocess
  insize=811 outsize=209 ok=1
Cmd: preprocess
  insize=811 outsize=209 ok=1
Cmd: preprocess
  insize=811 outsize=209 ok=1
Cmd: preprocess
  insize=811 outsize=209 ok=1
Cmd: preprocess
  insize=811 outsize=209 ok=1
Cmd: preprocess
  insize=811 outsize=209 ok=1
Cmd: preprocess
  insize=811 outsize=209 ok=1
Cmd: preprocess
  insize=811 outsize=209 ok=1
Cmd: preprocess
  insize=811 outsize=209 ok=1
Cmd: preprocess
  insize=811 outsize=209 ok=1
Cmd: preprocess
  insize=811 outsize=209 ok=1
Cmd: preprocess
  insize=6407 outsize=598 ok=1
Cmd: preprocess
  insize=7235 outsize=597 ok=1
Cmd: preprocess
  insize=4083 outsize=605 ok=1
Cmd: preprocess
  insize=47192 outsize=2013 ok=1
Cmd: preprocess
  insize=5605 outsize=602 ok=1
Cmd: preprocess
  insize=6864 outsize=596 ok=1
Cmd: preprocess
  insize=4103 outsize=605 ok=1
Cmd: preprocess
  insize=8789 outsize=597 ok=1
Cmd: preprocess
  insize=4691 outsize=594 ok=1
Cmd: preprocess
  insize=8574 outsize=598 ok=1
Cmd: preprocess
  insize=4103 outsize=605 ok=1
Cmd: preprocess
  insize=4691 outsize=594 ok=1
Cmd: preprocess
  insize=8574 outsize=598 ok=1
Cmd: preprocess
  insize=8789 outsize=597 ok=1
Cmd: preprocess
  insize=47192 outsize=2013 ok=1
Cmd: preprocess
  insize=7235 outsize=597 ok=1
Cmd: preprocess
  insize=4083 outsize=605 ok=1
Cmd: preprocess
  insize=6407 outsize=598 ok=1
Cmd: preprocess
  insize=6864 outsize=596 ok=1
Cmd: preprocess
  insize=5605 outsize=602 ok=1
Cmd: preprocess
  insize=811 outsize=209 ok=1
Cmd: preprocess
  insize=811 outsize=209 ok=1
Cmd: preprocess
  insize=811 outsize=209 ok=1
Cmd: preprocess
  insize=811 outsize=209 ok=1
Cmd: preprocess
  insize=811 outsize=209 ok=1
Cmd: preprocess
  insize=811 outsize=209 ok=1
Cmd: preprocess
  insize=811 outsize=209 ok=1
Cmd: preprocess
  insize=811 outsize=209 ok=1
Cmd: preprocess
  insize=811 outsize=209 ok=1
Cmd: preprocess
  insize=811 outsize=209 ok=1
Cmd: preprocess
  insize=811 outsize=209 ok=1
Cmd: preprocess
  insize=811 outsize=209 ok=1
Cmd: preprocess
  insize=811 outsize=209 ok=1
Cmd: preprocess
  insize=811 outsize=209 ok=1
Cmd: preprocess
  insize=811 outsize=209 ok=1
Cmd: preprocess
  insize=811 outsize=209 ok=1
Cmd: preprocess
  insize=6407 outsize=598 ok=1
Cmd: preprocess
  insize=7235 outsize=597 ok=1
Cmd: preprocess
  insize=4083 outsize=605 ok=1
Cmd: preprocess
  insize=47192 outsize=2013 ok=1
Cmd: preprocess
  insize=5605 outsize=602 ok=1
Cmd: preprocess
  insize=6864 outsize=596 ok=1
Cmd: preprocess
  insize=4103 outsize=605 ok=1
Cmd: preprocess
  insize=8789 outsize=597 ok=1
Cmd: preprocess
  insize=4691 outsize=594 ok=1
Cmd: preprocess
  insize=8574 outsize=598 ok=1
Cmd: preprocess
  insize=4103 outsize=605 ok=1
Cmd: preprocess
  insize=4691 outsize=594 ok=1
Cmd: preprocess
  insize=8574 outsize=598 ok=1
Cmd: preprocess
  insize=8789 outsize=597 ok=1
Cmd: preprocess
  insize=47192 outsize=2013 ok=1
Cmd: preprocess
  insize=7235 outsize=597 ok=1
Cmd: preprocess
  insize=4083 outsize=605 ok=1
Cmd: preprocess
  insize=6407 outsize=598 ok=1
Cmd: preprocess
  insize=6864 outsize=596 ok=1
Cmd: preprocess
  insize=5605 outsize=602 ok=1
Cmd: preprocess
  insize=811 outsize=209 ok=1
Cmd: preprocess
  insize=811 outsize=209 ok=1
Cmd: preprocess
  insize=811 outsize=209 ok=1
Cmd: preprocess
  insize=811 outsize=209 ok=1
Cmd: preprocess
  insize=811 outsize=209 ok=1
Cmd: preprocess
  insize=811 outsize=209 ok=1
Cmd: preprocess
  insize=811 outsize=209 ok=1
Cmd: preprocess
  insize=811 outsize=209 ok=1
Cmd: preprocess
  insize=811 outsize=209 ok=1
Cmd: preprocess
  insize=811 outsize=209 ok=1
Cmd: preprocess
  insize=811 outsize=209 ok=1
Cmd: preprocess
  insize=811 outsize=209 ok=1
Cmd: preprocess
  insize=811 outsize=209 ok=1
Cmd: preprocess
  insize=811 outsize=209 ok=1
Cmd: preprocess
  insize=811 outsize=209 ok=1
Cmd: preprocess
  insize=811 outsize=209 ok=1
Cmd: preprocess
  insize=6407 outsize=598 ok=1
Cmd: preprocess
  insize=7235 outsize=597 ok=1
Cmd: preprocess
  insize=4083 outsize=605 ok=1
Cmd: preprocess
  insize=47192 outsize=2013 ok=1
Cmd: preprocess
  insize=5605 outsize=602 ok=1
Cmd: preprocess
  insize=6864 outsize=596 ok=1
Cmd: preprocess
  insize=4103 outsize=605 ok=1
Cmd: preprocess
  insize=8789 outsize=597 ok=1
Cmd: preprocess
  insize=4691 outsize=594 ok=1
Cmd: preprocess
  insize=8574 outsize=598 ok=1
Cmd: preprocess
  insize=4103 outsize=605 ok=1
Cmd: preprocess
  insize=4691 outsize=594 ok=1
Cmd: preprocess
  insize=8574 outsize=598 ok=1
Cmd: preprocess
  insize=8789 outsize=597 ok=1
Cmd: preprocess
  insize=47192 outsize=2013 ok=1
Cmd: preprocess
  insize=7235 outsize=597 ok=1
Cmd: preprocess
  insize=4083 outsize=605 ok=1
Cmd: preprocess
  insize=6407 outsize=598 ok=1
Cmd: preprocess
  insize=6864 outsize=596 ok=1
Cmd: preprocess
  insize=5605 outsize=602 ok=1
Cmd: preprocess
  insize=811 outsize=209 ok=1
Cmd: preprocess
  insize=811 outsize=209 ok=1
Cmd: preprocess
  insize=811 outsize=209 ok=1
Cmd: preprocess
  insize=811 outsize=209 ok=1
Cmd: preprocess
  insize=811 outsize=209 ok=1
Cmd: preprocess
  insize=811 outsize=209 ok=1
Cmd: preprocess
  insize=811 outsize=209 ok=1
Cmd: preprocess
  insize=811 outsize=209 ok=1
Cmd: preprocess
  insize=811 outsize=209 ok=1
Cmd: preprocess
  insize=811 outsize=209 ok=1
Cmd: preprocess
  insize=811 outsize=209 ok=1
Cmd: preprocess
  insize=811 outsize=209 ok=1
Cmd: preprocess
  insize=811 outsize=209 ok=1
Cmd: preprocess
  insize=811 outsize=209 ok=1
Cmd: preprocess
  insize=811 outsize=209 ok=1
Cmd: preprocess
  insize=811 outsize=209 ok=1
Cmd: preprocess
  insize=6407 outsize=598 ok=1
Cmd: preprocess
  insize=7235 outsize=597 ok=1
Cmd: preprocess
  insize=4083 outsize=605 ok=1
Cmd: preprocess
  insize=47192 outsize=2013 ok=1
Cmd: preprocess
  insize=5605 outsize=602 ok=1
Cmd: preprocess
  insize=6864 outsize=596 ok=1
Cmd: preprocess
  insize=4103 outsize=605 ok=1
Cmd: preprocess
  insize=8789 outsize=597 ok=1
Cmd: preprocess
  insize=4691 outsize=594 ok=1
Cmd: preprocess
  insize=8574 outsize=598 ok=1
Cmd: preprocess
  insize=4103 outsize=605 ok=1
Cmd: preprocess
  insize=4691 outsize=594 ok=1
Cmd: preprocess
  insize=8574 outsize=598 ok=1
Cmd: preprocess
  insize=8789 outsize=597 ok=1
Cmd: preprocess
  insize=47192 outsize=2013 ok=1
Cmd: preprocess
  insize=7235 outsize=597 ok=1
Cmd: preprocess
  insize=4083 outsize=605 ok=1
Cmd: preprocess
  insize=6407 outsize=598 ok=1
Cmd: preprocess
  insize=6864 outsize=596 ok=1
Cmd: preprocess
  insize=5605 outsize=602 ok=1
